Determining if the pthread_create exist failed with the following output:
Change Dir: /home/alice/Jupyter/pipeline/build/image_rotate/CMakeFiles/CMakeTmp

Run Build Command:"/usr/bin/make" "cmTC_eebff/fast"
/usr/bin/make -f CMakeFiles/cmTC_eebff.dir/build.make CMakeFiles/cmTC_eebff.dir/build
make[1]: Entering directory '/home/alice/Jupyter/pipeline/build/image_rotate/CMakeFiles/CMakeTmp'
Building C object CMakeFiles/cmTC_eebff.dir/CheckSymbolExists.c.o
/usr/bin/cc    -o CMakeFiles/cmTC_eebff.dir/CheckSymbolExists.c.o   -c /home/alice/Jupyter/pipeline/build/image_rotate/CMakeFiles/CMakeTmp/CheckSymbolExists.c
Linking C executable cmTC_eebff
/usr/bin/cmake -E cmake_link_script CMakeFiles/cmTC_eebff.dir/link.txt --verbose=1
/usr/bin/cc      -rdynamic CMakeFiles/cmTC_eebff.dir/CheckSymbolExists.c.o  -o cmTC_eebff 
CMakeFiles/cmTC_eebff.dir/CheckSymbolExists.c.o: In function `main':
CheckSymbolExists.c:(.text+0x1b): undefined reference to `pthread_create'
collect2: error: ld returned 1 exit status
CMakeFiles/cmTC_eebff.dir/build.make:97: recipe for target 'cmTC_eebff' failed
make[1]: *** [cmTC_eebff] Error 1
make[1]: Leaving directory '/home/alice/Jupyter/pipeline/build/image_rotate/CMakeFiles/CMakeTmp'
Makefile:126: recipe for target 'cmTC_eebff/fast' failed
make: *** [cmTC_eebff/fast] Error 2

File /home/alice/Jupyter/pipeline/build/image_rotate/CMakeFiles/CMakeTmp/CheckSymbolExists.c:
/* */
#include <pthread.h>

int main(int argc, char** argv)
{
  (void)argv;
#ifndef pthread_create
  return ((int*)(&pthread_create))[argc];
#else
  (void)argc;
  return 0;
#endif
}

Determining if the function pthread_create exists in the pthreads failed with the following output:
Change Dir: /home/alice/Jupyter/pipeline/build/image_rotate/CMakeFiles/CMakeTmp

Run Build Command:"/usr/bin/make" "cmTC_ef19c/fast"
/usr/bin/make -f CMakeFiles/cmTC_ef19c.dir/build.make CMakeFiles/cmTC_ef19c.dir/build
make[1]: Entering directory '/home/alice/Jupyter/pipeline/build/image_rotate/CMakeFiles/CMakeTmp'
Building C object CMakeFiles/cmTC_ef19c.dir/CheckFunctionExists.c.o
/usr/bin/cc   -DCHECK_FUNCTION_EXISTS=pthread_create   -o CMakeFiles/cmTC_ef19c.dir/CheckFunctionExists.c.o   -c /usr/share/cmake-3.10/Modules/CheckFunctionExists.c
Linking C executable cmTC_ef19c
/usr/bin/cmake -E cmake_link_script CMakeFiles/cmTC_ef19c.dir/link.txt --verbose=1
/usr/bin/cc  -DCHECK_FUNCTION_EXISTS=pthread_create    -rdynamic CMakeFiles/cmTC_ef19c.dir/CheckFunctionExists.c.o  -o cmTC_ef19c -lpthreads 
/usr/bin/ld: cannot find -lpthreads
collect2: error: ld returned 1 exit status
CMakeFiles/cmTC_ef19c.dir/build.make:97: recipe for target 'cmTC_ef19c' failed
make[1]: *** [cmTC_ef19c] Error 1
make[1]: Leaving directory '/home/alice/Jupyter/pipeline/build/image_rotate/CMakeFiles/CMakeTmp'
Makefile:126: recipe for target 'cmTC_ef19c/fast' failed
make: *** [cmTC_ef19c/fast] Error 2


