Determining if the pthread_create exist failed with the following output:
Change Dir: /home/alice/Jupyter/pipeline/build/depth_image_proc/CMakeFiles/CMakeTmp

Run Build Command:"/usr/bin/make" "cmTC_1b037/fast"
/usr/bin/make -f CMakeFiles/cmTC_1b037.dir/build.make CMakeFiles/cmTC_1b037.dir/build
make[1]: Entering directory '/home/alice/Jupyter/pipeline/build/depth_image_proc/CMakeFiles/CMakeTmp'
Building C object CMakeFiles/cmTC_1b037.dir/CheckSymbolExists.c.o
/usr/bin/cc    -o CMakeFiles/cmTC_1b037.dir/CheckSymbolExists.c.o   -c /home/alice/Jupyter/pipeline/build/depth_image_proc/CMakeFiles/CMakeTmp/CheckSymbolExists.c
Linking C executable cmTC_1b037
/usr/bin/cmake -E cmake_link_script CMakeFiles/cmTC_1b037.dir/link.txt --verbose=1
/usr/bin/cc      -rdynamic CMakeFiles/cmTC_1b037.dir/CheckSymbolExists.c.o  -o cmTC_1b037 
CMakeFiles/cmTC_1b037.dir/CheckSymbolExists.c.o: In function `main':
CheckSymbolExists.c:(.text+0x1b): undefined reference to `pthread_create'
collect2: error: ld returned 1 exit status
CMakeFiles/cmTC_1b037.dir/build.make:97: recipe for target 'cmTC_1b037' failed
make[1]: *** [cmTC_1b037] Error 1
make[1]: Leaving directory '/home/alice/Jupyter/pipeline/build/depth_image_proc/CMakeFiles/CMakeTmp'
Makefile:126: recipe for target 'cmTC_1b037/fast' failed
make: *** [cmTC_1b037/fast] Error 2

File /home/alice/Jupyter/pipeline/build/depth_image_proc/CMakeFiles/CMakeTmp/CheckSymbolExists.c:
/* */
#include <pthread.h>

int main(int argc, char** argv)
{
  (void)argv;
#ifndef pthread_create
  return ((int*)(&pthread_create))[argc];
#else
  (void)argc;
  return 0;
#endif
}

Determining if the function pthread_create exists in the pthreads failed with the following output:
Change Dir: /home/alice/Jupyter/pipeline/build/depth_image_proc/CMakeFiles/CMakeTmp

Run Build Command:"/usr/bin/make" "cmTC_18c5e/fast"
/usr/bin/make -f CMakeFiles/cmTC_18c5e.dir/build.make CMakeFiles/cmTC_18c5e.dir/build
make[1]: Entering directory '/home/alice/Jupyter/pipeline/build/depth_image_proc/CMakeFiles/CMakeTmp'
Building C object CMakeFiles/cmTC_18c5e.dir/CheckFunctionExists.c.o
/usr/bin/cc   -DCHECK_FUNCTION_EXISTS=pthread_create   -o CMakeFiles/cmTC_18c5e.dir/CheckFunctionExists.c.o   -c /usr/share/cmake-3.10/Modules/CheckFunctionExists.c
Linking C executable cmTC_18c5e
/usr/bin/cmake -E cmake_link_script CMakeFiles/cmTC_18c5e.dir/link.txt --verbose=1
/usr/bin/cc  -DCHECK_FUNCTION_EXISTS=pthread_create    -rdynamic CMakeFiles/cmTC_18c5e.dir/CheckFunctionExists.c.o  -o cmTC_18c5e -lpthreads 
/usr/bin/ld: cannot find -lpthreads
collect2: error: ld returned 1 exit status
CMakeFiles/cmTC_18c5e.dir/build.make:97: recipe for target 'cmTC_18c5e' failed
make[1]: *** [cmTC_18c5e] Error 1
make[1]: Leaving directory '/home/alice/Jupyter/pipeline/build/depth_image_proc/CMakeFiles/CMakeTmp'
Makefile:126: recipe for target 'cmTC_18c5e/fast' failed
make: *** [cmTC_18c5e/fast] Error 2


